<?xml version="1.0" encoding="UTF-8"?>
<testng-results skipped="0" failed="0" ignored="0" total="1" passed="1">
  <reporter-output>
  </reporter-output>
  <suite name="Default suite" duration-ms="800" started-at="2022-11-22T11:51:08 IST" finished-at="2022-11-22T11:51:08 IST">
    <groups>
    </groups>
    <test name="Default test" duration-ms="800" started-at="2022-11-22T11:51:08 IST" finished-at="2022-11-22T11:51:08 IST">
      <class name="testCase.Tsr">
        <test-method status="PASS" signature="hello1()[pri:0, instance:testCase.Tsr@1ebcd8]" name="hello1" is-config="true" duration-ms="130" started-at="2022-11-22T11:51:08 IST" finished-at="2022-11-22T11:51:08 IST">
          <reporter-output>
          </reporter-output>
        </test-method> <!-- hello1 -->
        <test-method status="PASS" signature="hello()[pri:0, instance:testCase.Tsr@1ebcd8]" name="hello" duration-ms="31" started-at="2022-11-22T11:51:08 IST" finished-at="2022-11-22T11:51:08 IST">
          <reporter-output>
          </reporter-output>
        </test-method> <!-- hello -->
        <test-method status="PASS" signature="hello3()[pri:0, instance:testCase.Tsr@1ebcd8]" name="hello3" is-config="true" duration-ms="22" started-at="2022-11-22T11:51:08 IST" finished-at="2022-11-22T11:51:08 IST">
          <reporter-output>
          </reporter-output>
        </test-method> <!-- hello3 -->
        <test-method status="PASS" signature="hello2()[pri:0, instance:testCase.Tsr@1ebcd8]" name="hello2" is-config="true" duration-ms="1" started-at="2022-11-22T11:51:09 IST" finished-at="2022-11-22T11:51:09 IST">
          <reporter-output>
          </reporter-output>
        </test-method> <!-- hello2 -->
      </class> <!-- testCase.Tsr -->
    </test> <!-- Default test -->
  </suite> <!-- Default suite -->
</testng-results>
